{"__type":"$$EventMessageAudit","id":"7c86f52b-b785-4900-9a3d-5b25503eef7b","ts":"2025-08-19T04:47:37.986+00:00","eventName":"n8n.audit.workflow.created","message":"n8n.audit.workflow.created","payload":{"userId":"73188b09-9c6b-400c-8f7d-2a84249158c7","_email":"bidisha.paul10@gmail.com","_firstName":"Bidisha","_lastName":"Paul","globalRole":"global:owner","workflowId":"C6TCdUuff5HfGe1d","workflowName":"My workflow"}}
{"__type":"$$EventMessageConfirm","confirm":"7c86f52b-b785-4900-9a3d-5b25503eef7b","ts":"2025-08-19T04:47:37.990+00:00","source":{"id":"0","name":"eventBus"}}
{"__type":"$$EventMessageWorkflow","id":"8d4d766a-c6d8-428b-bbef-7e2bfb035d54","ts":"2025-08-19T10:17:42.431+05:30","eventName":"n8n.workflow.started","message":"n8n.workflow.started","payload":{"executionId":"1","workflowId":"C6TCdUuff5HfGe1d","isManual":false,"workflowName":"My workflow"}}
{"__type":"$$EventMessageConfirm","confirm":"8d4d766a-c6d8-428b-bbef-7e2bfb035d54","ts":"2025-08-19T10:17:42.431+05:30","source":{"id":"0","name":"eventBus"}}
{"__type":"$$EventMessageNode","id":"36568c41-7427-4efb-8164-031cd6a87963","ts":"2025-08-19T10:17:42.433+05:30","eventName":"n8n.node.started","message":"n8n.node.started","payload":{"workflowId":"C6TCdUuff5HfGe1d","workflowName":"My workflow","executionId":"1","nodeType":"n8n-nodes-base.webhook","nodeName":"Webhook","nodeId":"67d4ec9b-4e26-4172-ad5d-9d43f710f18f"}}
{"__type":"$$EventMessageConfirm","confirm":"36568c41-7427-4efb-8164-031cd6a87963","ts":"2025-08-19T10:17:42.433+05:30","source":{"id":"0","name":"eventBus"}}
{"__type":"$$EventMessageNode","id":"8d59f1d5-ac48-46d0-b7e5-c55d20a39c53","ts":"2025-08-19T10:17:42.435+05:30","eventName":"n8n.node.finished","message":"n8n.node.finished","payload":{"workflowId":"C6TCdUuff5HfGe1d","workflowName":"My workflow","executionId":"1","nodeType":"n8n-nodes-base.webhook","nodeName":"Webhook","nodeId":"67d4ec9b-4e26-4172-ad5d-9d43f710f18f"}}
{"__type":"$$EventMessageConfirm","confirm":"8d59f1d5-ac48-46d0-b7e5-c55d20a39c53","ts":"2025-08-19T10:17:42.435+05:30","source":{"id":"0","name":"eventBus"}}
{"__type":"$$EventMessageWorkflow","id":"e2711f4d-c152-4e44-b8ac-0e8c17864a43","ts":"2025-08-19T10:17:42.439+05:30","eventName":"n8n.workflow.failed","message":"n8n.workflow.failed","payload":{"executionId":"1","success":false,"isManual":true,"workflowId":"C6TCdUuff5HfGe1d","workflowName":"My workflow","lastNodeExecuted":"Webhook","errorNodeType":"n8n-nodes-base.webhook","errorMessage":"Webhook node not correctly configured"}}
{"__type":"$$EventMessageConfirm","confirm":"e2711f4d-c152-4e44-b8ac-0e8c17864a43","ts":"2025-08-19T10:17:42.440+05:30","source":{"id":"0","name":"eventBus"}}
{"__type":"$$EventMessageAudit","id":"9be4e286-36b7-41d0-b071-1aeea08e156d","ts":"2025-08-19T10:21:06.187+05:30","eventName":"n8n.audit.workflow.updated","message":"n8n.audit.workflow.updated","payload":{"userId":"73188b09-9c6b-400c-8f7d-2a84249158c7","_email":"bidisha.paul10@gmail.com","_firstName":"Bidisha","_lastName":"Paul","globalRole":"global:owner","workflowId":"C6TCdUuff5HfGe1d","workflowName":"My workflow"}}
{"__type":"$$EventMessageConfirm","confirm":"9be4e286-36b7-41d0-b071-1aeea08e156d","ts":"2025-08-19T10:21:06.187+05:30","source":{"id":"0","name":"eventBus"}}
{"__type":"$$EventMessageWorkflow","id":"714759cb-4607-44ef-9320-b9da630879aa","ts":"2025-08-19T10:21:41.042+05:30","eventName":"n8n.workflow.started","message":"n8n.workflow.started","payload":{"executionId":"2","workflowId":"C6TCdUuff5HfGe1d","isManual":false,"workflowName":"My workflow"}}
{"__type":"$$EventMessageConfirm","confirm":"714759cb-4607-44ef-9320-b9da630879aa","ts":"2025-08-19T10:21:41.043+05:30","source":{"id":"0","name":"eventBus"}}
{"__type":"$$EventMessageNode","id":"e97dbfd1-0cd2-4468-b4ae-da368697cf96","ts":"2025-08-19T10:21:41.044+05:30","eventName":"n8n.node.started","message":"n8n.node.started","payload":{"workflowId":"C6TCdUuff5HfGe1d","workflowName":"My workflow","executionId":"2","nodeType":"n8n-nodes-base.webhook","nodeName":"Webhook","nodeId":"67d4ec9b-4e26-4172-ad5d-9d43f710f18f"}}
{"__type":"$$EventMessageConfirm","confirm":"e97dbfd1-0cd2-4468-b4ae-da368697cf96","ts":"2025-08-19T10:21:41.044+05:30","source":{"id":"0","name":"eventBus"}}
{"__type":"$$EventMessageNode","id":"0e72875a-5539-421f-95fc-5e731485834d","ts":"2025-08-19T10:21:41.045+05:30","eventName":"n8n.node.finished","message":"n8n.node.finished","payload":{"workflowId":"C6TCdUuff5HfGe1d","workflowName":"My workflow","executionId":"2","nodeType":"n8n-nodes-base.webhook","nodeName":"Webhook","nodeId":"67d4ec9b-4e26-4172-ad5d-9d43f710f18f"}}
{"__type":"$$EventMessageConfirm","confirm":"0e72875a-5539-421f-95fc-5e731485834d","ts":"2025-08-19T10:21:41.045+05:30","source":{"id":"0","name":"eventBus"}}
{"__type":"$$EventMessageWorkflow","id":"74c0392f-3159-456b-b708-403e26fbdaa1","ts":"2025-08-19T10:21:41.047+05:30","eventName":"n8n.workflow.failed","message":"n8n.workflow.failed","payload":{"executionId":"2","success":false,"isManual":true,"workflowId":"C6TCdUuff5HfGe1d","workflowName":"My workflow","lastNodeExecuted":"Webhook","errorNodeType":"n8n-nodes-base.webhook","errorMessage":"Webhook node not correctly configured"}}
{"__type":"$$EventMessageConfirm","confirm":"74c0392f-3159-456b-b708-403e26fbdaa1","ts":"2025-08-19T10:21:41.048+05:30","source":{"id":"0","name":"eventBus"}}
{"__type":"$$EventMessageWorkflow","id":"6ad67121-3f8c-432b-ae9c-b627de5823ba","ts":"2025-08-19T10:22:48.562+05:30","eventName":"n8n.workflow.started","message":"n8n.workflow.started","payload":{"executionId":"3","workflowId":"C6TCdUuff5HfGe1d","isManual":false,"workflowName":"My workflow"}}
{"__type":"$$EventMessageConfirm","confirm":"6ad67121-3f8c-432b-ae9c-b627de5823ba","ts":"2025-08-19T10:22:48.563+05:30","source":{"id":"0","name":"eventBus"}}
{"__type":"$$EventMessageNode","id":"60fa38e8-4fbf-4a4c-9737-00b2f654d0d3","ts":"2025-08-19T10:22:48.564+05:30","eventName":"n8n.node.started","message":"n8n.node.started","payload":{"workflowId":"C6TCdUuff5HfGe1d","workflowName":"My workflow","executionId":"3","nodeType":"n8n-nodes-base.webhook","nodeName":"Webhook","nodeId":"67d4ec9b-4e26-4172-ad5d-9d43f710f18f"}}
{"__type":"$$EventMessageConfirm","confirm":"60fa38e8-4fbf-4a4c-9737-00b2f654d0d3","ts":"2025-08-19T10:22:48.564+05:30","source":{"id":"0","name":"eventBus"}}
{"__type":"$$EventMessageNode","id":"eecd2734-1908-41b4-89bb-a61c2f65c6c5","ts":"2025-08-19T10:22:48.565+05:30","eventName":"n8n.node.finished","message":"n8n.node.finished","payload":{"workflowId":"C6TCdUuff5HfGe1d","workflowName":"My workflow","executionId":"3","nodeType":"n8n-nodes-base.webhook","nodeName":"Webhook","nodeId":"67d4ec9b-4e26-4172-ad5d-9d43f710f18f"}}
{"__type":"$$EventMessageConfirm","confirm":"eecd2734-1908-41b4-89bb-a61c2f65c6c5","ts":"2025-08-19T10:22:48.565+05:30","source":{"id":"0","name":"eventBus"}}
{"__type":"$$EventMessageWorkflow","id":"d7cf8548-d25c-4e69-b2ae-5bb1b3cf34a1","ts":"2025-08-19T10:22:48.571+05:30","eventName":"n8n.workflow.failed","message":"n8n.workflow.failed","payload":{"executionId":"3","success":false,"isManual":true,"workflowId":"C6TCdUuff5HfGe1d","workflowName":"My workflow","lastNodeExecuted":"Webhook","errorNodeType":"n8n-nodes-base.webhook","errorMessage":"Webhook node not correctly configured"}}
{"__type":"$$EventMessageConfirm","confirm":"d7cf8548-d25c-4e69-b2ae-5bb1b3cf34a1","ts":"2025-08-19T10:22:48.572+05:30","source":{"id":"0","name":"eventBus"}}
